<?xml version="1.0" encoding="UTF-8"?>
<!-- Generated by org.testng.reporters.JUnitReportReporter -->
<testsuite hostname="Yashaswigowda" failures="0" tests="2" name="qaclickacademy.day1Test" time="0.000" errors="0" timestamp="2019-11-09T13:20:55 IST" skipped="0">
  <testcase classname="qaclickacademy.day1Test" name="demo2" time="0.000"/>
  <testcase classname="qaclickacademy.day1Test" name="demo" time="0.000"/>
</testsuite> <!-- qaclickacademy.day1Test -->
