<?xml version="1.0" encoding="UTF-8"?>
<!-- Generated by org.testng.reporters.JUnitReportReporter -->
<testsuite skipped="0" hostname="Yashaswigowda" name="qaclickacademy.day2Test" tests="4" failures="0" timestamp="2019-11-12T22:58:49 IST" time="0.009" errors="0">
  <testcase name="demo5" time="0.001" classname="qaclickacademy.day2Test"/>
  <testcase name="demo9" time="0.000" classname="qaclickacademy.day2Test"/>
  <testcase name="demo4" time="0.008" classname="qaclickacademy.day2Test"/>
  <testcase name="demo8" time="0.000" classname="qaclickacademy.day2Test"/>
</testsuite> <!-- qaclickacademy.day2Test -->
