<?xml version="1.0" encoding="UTF-8"?>
<!-- Generated by org.testng.reporters.JUnitReportReporter -->
<testsuite skipped="0" hostname="Yashaswigowda" name="qaclickacademy.day1Test" tests="2" failures="0" timestamp="2019-11-13T20:39:34 IST" time="0.000" errors="0">
  <testcase name="demo2" time="0.000" classname="qaclickacademy.day1Test"/>
  <testcase name="demo" time="0.000" classname="qaclickacademy.day1Test"/>
</testsuite> <!-- qaclickacademy.day1Test -->
